#-----------------------------------------------------------
# Vivado v2018.3 (64-bit)
# SW Build 2405991 on Thu Dec  6 23:38:27 MST 2018
# IP Build 2404404 on Fri Dec  7 01:43:56 MST 2018
# Start of session at: Mon Aug 19 12:53:45 2019
# Process ID: 18632
# Current directory: C:/Carem/ILI9341/ILI9341/Pynq-ili9341/Vivado/project_ili9341
# Command line: vivado.exe -gui_launcher_event rodinguilauncherevent17296 C:\Carem\ILI9341\ILI9341\Pynq-ili9341\Vivado\project_ili9341\project_ili9341.xpr
# Log file: C:/Carem/ILI9341/ILI9341/Pynq-ili9341/Vivado/project_ili9341/vivado.log
# Journal file: C:/Carem/ILI9341/ILI9341/Pynq-ili9341/Vivado/project_ili9341\vivado.jou
#-----------------------------------------------------------
start_gui
open_project C:/Carem/ILI9341/ILI9341/Pynq-ili9341/Vivado/project_ili9341/project_ili9341.xpr
CRITICAL WARNING: [Project 1-19] Could not find the file 'C:/Carem/ILI9341/ILI9341/Pynq-ili9341/src/debouncer.sv'.
CRITICAL WARNING: [Project 1-19] Could not find the file 'C:/Carem/ILI9341/ILI9341/Pynq-ili9341/src/rom_commands.sv'.
Scanning sources...
Finished scanning sources
WARNING: [filemgmt 56-3] IPUserFilesDir: Could not find the directory 'C:/Carem/ILI9341/ILI9341/Pynq-ili9341/Vivado/project_ili9341/project_ili9341.ip_user_files'.
INFO: [IP_Flow 19-234] Refreshing IP repositories
INFO: [IP_Flow 19-1704] No user IP repositories specified
INFO: [IP_Flow 19-2313] Loaded Vivado IP repository 'C:/Xilinx/Vivado/2018.3/data/ip'.
open_project: Time (s): cpu = 00:00:20 ; elapsed = 00:00:11 . Memory (MB): peak = 765.961 ; gain = 167.785
update_compile_order -fileset sources_1
export_ip_user_files -of_objects  [get_files C:/Carem/ILI9341/ILI9341/Pynq-ili9341/src/debouncer.sv] -no_script -reset -force -quiet
remove_files  C:/Carem/ILI9341/ILI9341/Pynq-ili9341/src/debouncer.sv
export_ip_user_files -of_objects  [get_files C:/Carem/ILI9341/ILI9341/Pynq-ili9341/src/rom_commands.sv] -no_script -reset -force -quiet
remove_files  C:/Carem/ILI9341/ILI9341/Pynq-ili9341/src/rom_commands.sv
exit
INFO: [Common 17-206] Exiting Vivado at Mon Aug 19 14:07:42 2019...
