#-----------------------------------------------------------
# Vivado v2018.3 (64-bit)
# SW Build 2405991 on Thu Dec  6 23:38:27 MST 2018
# IP Build 2404404 on Fri Dec  7 01:43:56 MST 2018
# Start of session at: Wed Aug 14 11:56:54 2019
# Process ID: 13848
# Current directory: C:/Carem/ILI9341/ILI9341/Pynq-ili9341/Vivado/project_ili9341
# Command line: vivado.exe -gui_launcher_event rodinguilauncherevent12552 C:\Carem\ILI9341\ILI9341\Pynq-ili9341\Vivado\project_ili9341\project_ili9341.xpr
# Log file: C:/Carem/ILI9341/ILI9341/Pynq-ili9341/Vivado/project_ili9341/vivado.log
# Journal file: C:/Carem/ILI9341/ILI9341/Pynq-ili9341/Vivado/project_ili9341\vivado.jou
#-----------------------------------------------------------
start_gui
open_project C:/Carem/ILI9341/ILI9341/Pynq-ili9341/Vivado/project_ili9341/project_ili9341.xpr
Scanning sources...
Finished scanning sources
WARNING: [filemgmt 56-3] IPUserFilesDir: Could not find the directory 'C:/Carem/ILI9341/ILI9341/Pynq-ili9341/Vivado/project_ili9341/project_ili9341.ip_user_files'.
INFO: [IP_Flow 19-234] Refreshing IP repositories
INFO: [IP_Flow 19-1704] No user IP repositories specified
INFO: [IP_Flow 19-2313] Loaded Vivado IP repository 'C:/Xilinx/Vivado/2018.3/data/ip'.
open_project: Time (s): cpu = 00:00:24 ; elapsed = 00:00:14 . Memory (MB): peak = 761.930 ; gain = 157.848
update_compile_order -fileset sources_1
reset_run impl_1 -prev_step 
launch_runs impl_1 -to_step write_bitstream -jobs 4
[Wed Aug 14 11:59:53 2019] Launched impl_1...
Run output will be captured here: C:/Carem/ILI9341/ILI9341/Pynq-ili9341/Vivado/project_ili9341/project_ili9341.runs/impl_1/runme.log
reset_run synth_1
launch_runs impl_1 -to_step write_bitstream -jobs 4
[Wed Aug 14 12:01:22 2019] Launched synth_1...
Run output will be captured here: C:/Carem/ILI9341/ILI9341/Pynq-ili9341/Vivado/project_ili9341/project_ili9341.runs/synth_1/runme.log
[Wed Aug 14 12:01:22 2019] Launched impl_1...
Run output will be captured here: C:/Carem/ILI9341/ILI9341/Pynq-ili9341/Vivado/project_ili9341/project_ili9341.runs/impl_1/runme.log
reset_run impl_1 -prev_step 
launch_runs impl_1 -to_step write_bitstream -jobs 4
[Wed Aug 14 12:37:48 2019] Launched impl_1...
Run output will be captured here: C:/Carem/ILI9341/ILI9341/Pynq-ili9341/Vivado/project_ili9341/project_ili9341.runs/impl_1/runme.log
open_hw
connect_hw_server
INFO: [Labtools 27-2285] Connecting to hw_server url TCP:localhost:3121
open_hw_target
INFO: [Labtoolstcl 44-466] Opening hw_target localhost:3121/xilinx_tcf/Xilinx/1234-tulA
set_property PROGRAM.FILE {C:/Carem/ILI9341/ILI9341/Pynq-ili9341/Vivado/project_ili9341/project_ili9341.runs/impl_1/top_spi_master.bit} [get_hw_devices xc7z020_0]
current_hw_device [get_hw_devices xc7z020_0]
refresh_hw_device -update_hw_probes false [lindex [get_hw_devices xc7z020_0] 0]
INFO: [Labtools 27-1435] Device xc7z020 (JTAG device index = 0) is not programmed (DONE status = 0).
ERROR: [Labtoolstcl 44-513] HW Target shutdown. Closing target: localhost:3121/xilinx_tcf/Xilinx/1234-tulA
exit
INFO: [Common 17-206] Exiting Vivado at Wed Aug 14 14:28:14 2019...
